<?xml version="1.0" encoding="UTF-8"?>
<!-- Generated by org.testng.reporters.JUnitReportReporter -->
<testsuite skipped="0" hostname="LTPCHE102076955" name="com.pom.crimson.testcases.PrivacyPolicy.PrivacyPolicyFacebookPageTest" tests="1" failures="0" timestamp="2021-01-13T01:48:07 IST" time="17.133" errors="1">
  <testcase name="VerifyPrivacyStatement_LoginViaFacebook" time="17.133" classname="com.pom.crimson.testcases.PrivacyPolicy.PrivacyPolicyFacebookPageTest">
    <error type="org.openqa.selenium.WebDriverException" message="org.openqa.selenium.WebDriverException: An unknown server-side error occurred while processing the command. Original error: Could not proxy command to remote server. Original error: Error: socket hang up
Build info: version: &#039;3.141.59&#039;, revision: &#039;e82be7d358&#039;, time: &#039;2018-11-14T08:17:03&#039;
System info: host: &#039;LTPCHE102076955&#039;, ip: &#039;192.168.1.5&#039;, os.name: &#039;Windows 10&#039;, os.arch: &#039;amd64&#039;, os.version: &#039;10.0&#039;, java.version: &#039;1.8.0_251&#039;
Driver info: io.appium.java_client.android.AndroidDriver
Capabilities {app: C:/Users/balaji.sridharan/D..., appActivity: com.aia.rn.th.dp01.MainActi..., appPackage: com.aia.rn.th.dp01, automationName: UiAutomator2, avd: Pixel_3_API_30, avdLaunchTimeout: 120000, chromeDriverPort: 11000, databaseEnabled: false, desired: {app: C:/Users/balaji.sridharan/D..., appActivity: com.aia.rn.th.dp01.MainActi..., appPackage: com.aia.rn.th.dp01, automationName: UiAutomator2, avd: Pixel_3_API_30, avdLaunchTimeout: 120000, chromeDriverPort: 11000, deviceName: Pixel_3_API_30, fullReset: false, noReset: false, platformName: android, platformVersion: 8.0, resetKeyboard: true, systemPort: 10000, unicodeKeyboard: true}, deviceApiLevel: 30, deviceManufacturer: Google, deviceModel: sdk_gphone_x86, deviceName: emulator-5554, deviceScreenDensity: 440, deviceScreenSize: 1080x2160, deviceUDID: emulator-5554, fullReset: false, javascriptEnabled: true, locationContextEnabled: false, networkConnectionEnabled: true, noReset: false, pixelRatio: 2.75, platform: LINUX, platformName: Android, platformVersion: 11, resetKeyboard: true, statBarHeight: 66, systemPort: 10000, takesScreenshot: true, unicodeKeyboard: true, viewportRect: {height: 1962, left: 0, top: 66, width: 1080}, warnings: {}, webStorageEnabled: false}
Session ID: a5895e91-55fa-4189-9e59-c1c4cbc39f06
*** Element info: {Using=xpath, value=//android.widget.Button[@text=&#039;While using the app&#039;]}">
      <![CDATA[org.openqa.selenium.WebDriverException: org.openqa.selenium.WebDriverException: An unknown server-side error occurred while processing the command. Original error: Could not proxy command to remote server. Original error: Error: socket hang up
Build info: version: '3.141.59', revision: 'e82be7d358', time: '2018-11-14T08:17:03'
System info: host: 'LTPCHE102076955', ip: '192.168.1.5', os.name: 'Windows 10', os.arch: 'amd64', os.version: '10.0', java.version: '1.8.0_251'
Driver info: io.appium.java_client.android.AndroidDriver
Capabilities {app: C:/Users/balaji.sridharan/D..., appActivity: com.aia.rn.th.dp01.MainActi..., appPackage: com.aia.rn.th.dp01, automationName: UiAutomator2, avd: Pixel_3_API_30, avdLaunchTimeout: 120000, chromeDriverPort: 11000, databaseEnabled: false, desired: {app: C:/Users/balaji.sridharan/D..., appActivity: com.aia.rn.th.dp01.MainActi..., appPackage: com.aia.rn.th.dp01, automationName: UiAutomator2, avd: Pixel_3_API_30, avdLaunchTimeout: 120000, chromeDriverPort: 11000, deviceName: Pixel_3_API_30, fullReset: false, noReset: false, platformName: android, platformVersion: 8.0, resetKeyboard: true, systemPort: 10000, unicodeKeyboard: true}, deviceApiLevel: 30, deviceManufacturer: Google, deviceModel: sdk_gphone_x86, deviceName: emulator-5554, deviceScreenDensity: 440, deviceScreenSize: 1080x2160, deviceUDID: emulator-5554, fullReset: false, javascriptEnabled: true, locationContextEnabled: false, networkConnectionEnabled: true, noReset: false, pixelRatio: 2.75, platform: LINUX, platformName: Android, platformVersion: 11, resetKeyboard: true, statBarHeight: 66, systemPort: 10000, takesScreenshot: true, unicodeKeyboard: true, viewportRect: {height: 1962, left: 0, top: 66, width: 1080}, warnings: {}, webStorageEnabled: false}
Session ID: a5895e91-55fa-4189-9e59-c1c4cbc39f06
*** Element info: {Using=xpath, value=//android.widget.Button[@text='While using the app']}
at io.appium.java_client.pagefactory.AppiumElementLocator$WaitingFunction.apply(AppiumElementLocator.java:192)
at io.appium.java_client.pagefactory.AppiumElementLocator$WaitingFunction.apply(AppiumElementLocator.java:1)
at org.openqa.selenium.support.ui.FluentWait.until(FluentWait.java:249)
at io.appium.java_client.pagefactory.AppiumElementLocator.waitFor(AppiumElementLocator.java:99)
at io.appium.java_client.pagefactory.AppiumElementLocator.findElement(AppiumElementLocator.java:119)
at io.appium.java_client.pagefactory.interceptors.InterceptorOfASingleElement.intercept(InterceptorOfASingleElement.java:59)
at io.appium.java_client.android.AndroidElement$$EnhancerByCGLIB$$b598166c.click(<generated>)
at com.pom.crimson.functions.GenericFunctions.clickElement(GenericFunctions.java:66)
at com.pom.crimson.pages.LoginPage.Takepic_Recvideo(LoginPage.java:97)
at com.pom.crimson.testcases.PrivacyPolicy.PrivacyPolicyFacebookPageTest.VerifyPrivacyStatement_LoginViaFacebook(PrivacyPolicyFacebookPageTest.java:40)
at sun.reflect.NativeMethodAccessorImpl.invoke0(Native Method)
at sun.reflect.NativeMethodAccessorImpl.invoke(NativeMethodAccessorImpl.java:62)
at sun.reflect.DelegatingMethodAccessorImpl.invoke(DelegatingMethodAccessorImpl.java:43)
at java.lang.reflect.Method.invoke(Method.java:498)
at org.testng.internal.MethodInvocationHelper.invokeMethod(MethodInvocationHelper.java:134)
at org.testng.internal.TestInvoker.invokeMethod(TestInvoker.java:597)
at org.testng.internal.TestInvoker.invokeTestMethod(TestInvoker.java:173)
at org.testng.internal.MethodRunner.runInSequence(MethodRunner.java:46)
at org.testng.internal.TestInvoker$MethodInvocationAgent.invoke(TestInvoker.java:816)
at org.testng.internal.TestInvoker.invokeTestMethods(TestInvoker.java:146)
at org.testng.internal.TestMethodWorker.invokeTestMethods(TestMethodWorker.java:146)
at org.testng.internal.TestMethodWorker.run(TestMethodWorker.java:128)
at java.util.ArrayList.forEach(ArrayList.java:1257)
at org.testng.TestRunner.privateRun(TestRunner.java:766)
at org.testng.TestRunner.run(TestRunner.java:587)
at org.testng.SuiteRunner.runTest(SuiteRunner.java:384)
at org.testng.SuiteRunner.runSequentially(SuiteRunner.java:378)
at org.testng.SuiteRunner.privateRun(SuiteRunner.java:337)
at org.testng.SuiteRunner.run(SuiteRunner.java:286)
at org.testng.SuiteRunnerWorker.runSuite(SuiteRunnerWorker.java:53)
at org.testng.SuiteRunnerWorker.run(SuiteRunnerWorker.java:96)
at org.testng.TestNG.runSuitesSequentially(TestNG.java:1187)
at org.testng.TestNG.runSuitesLocally(TestNG.java:1109)
at org.testng.TestNG.runSuites(TestNG.java:1039)
at org.testng.TestNG.run(TestNG.java:1007)
at org.testng.remote.AbstractRemoteTestNG.run(AbstractRemoteTestNG.java:115)
at org.testng.remote.RemoteTestNG.initAndRun(RemoteTestNG.java:251)
at org.testng.remote.RemoteTestNG.main(RemoteTestNG.java:77)
Caused by: org.openqa.selenium.WebDriverException: An unknown server-side error occurred while processing the command. Original error: Could not proxy command to remote server. Original error: Error: socket hang up
Build info: version: '3.141.59', revision: 'e82be7d358', time: '2018-11-14T08:17:03'
System info: host: 'LTPCHE102076955', ip: '192.168.1.5', os.name: 'Windows 10', os.arch: 'amd64', os.version: '10.0', java.version: '1.8.0_251'
Driver info: io.appium.java_client.android.AndroidDriver
Capabilities {app: C:/Users/balaji.sridharan/D..., appActivity: com.aia.rn.th.dp01.MainActi..., appPackage: com.aia.rn.th.dp01, automationName: UiAutomator2, avd: Pixel_3_API_30, avdLaunchTimeout: 120000, chromeDriverPort: 11000, databaseEnabled: false, desired: {app: C:/Users/balaji.sridharan/D..., appActivity: com.aia.rn.th.dp01.MainActi..., appPackage: com.aia.rn.th.dp01, automationName: UiAutomator2, avd: Pixel_3_API_30, avdLaunchTimeout: 120000, chromeDriverPort: 11000, deviceName: Pixel_3_API_30, fullReset: false, noReset: false, platformName: android, platformVersion: 8.0, resetKeyboard: true, systemPort: 10000, unicodeKeyboard: true}, deviceApiLevel: 30, deviceManufacturer: Google, deviceModel: sdk_gphone_x86, deviceName: emulator-5554, deviceScreenDensity: 440, deviceScreenSize: 1080x2160, deviceUDID: emulator-5554, fullReset: false, javascriptEnabled: true, locationContextEnabled: false, networkConnectionEnabled: true, noReset: false, pixelRatio: 2.75, platform: LINUX, platformName: Android, platformVersion: 11, resetKeyboard: true, statBarHeight: 66, systemPort: 10000, takesScreenshot: true, unicodeKeyboard: true, viewportRect: {height: 1962, left: 0, top: 66, width: 1080}, warnings: {}, webStorageEnabled: false}
Session ID: a5895e91-55fa-4189-9e59-c1c4cbc39f06
*** Element info: {Using=xpath, value=//android.widget.Button[@text='While using the app']}
at sun.reflect.GeneratedConstructorAccessor22.newInstance(Unknown Source)
at sun.reflect.DelegatingConstructorAccessorImpl.newInstance(DelegatingConstructorAccessorImpl.java:45)
at java.lang.reflect.Constructor.newInstance(Constructor.java:423)
at org.openqa.selenium.remote.http.W3CHttpResponseCodec.createException(W3CHttpResponseCodec.java:187)
at org.openqa.selenium.remote.http.W3CHttpResponseCodec.decode(W3CHttpResponseCodec.java:122)
at org.openqa.selenium.remote.http.W3CHttpResponseCodec.decode(W3CHttpResponseCodec.java:49)
at org.openqa.selenium.remote.HttpCommandExecutor.execute(HttpCommandExecutor.java:158)
at io.appium.java_client.remote.AppiumCommandExecutor.execute(AppiumCommandExecutor.java:239)
at org.openqa.selenium.remote.RemoteWebDriver.execute(RemoteWebDriver.java:552)
at io.appium.java_client.DefaultGenericMobileDriver.execute(DefaultGenericMobileDriver.java:41)
at io.appium.java_client.AppiumDriver.execute(AppiumDriver.java:1)
at io.appium.java_client.android.AndroidDriver.execute(AndroidDriver.java:1)
at org.openqa.selenium.remote.RemoteWebDriver.findElement(RemoteWebDriver.java:323)
at io.appium.java_client.DefaultGenericMobileDriver.findElement(DefaultGenericMobileDriver.java:61)
at io.appium.java_client.AppiumDriver.findElement(AppiumDriver.java:1)
at io.appium.java_client.android.AndroidDriver.findElement(AndroidDriver.java:1)
at org.openqa.selenium.remote.RemoteWebDriver.findElementByXPath(RemoteWebDriver.java:428)
at io.appium.java_client.DefaultGenericMobileDriver.findElementByXPath(DefaultGenericMobileDriver.java:151)
at io.appium.java_client.AppiumDriver.findElementByXPath(AppiumDriver.java:1)
at io.appium.java_client.android.AndroidDriver.findElementByXPath(AndroidDriver.java:1)
at org.openqa.selenium.By$ByXPath.findElement(By.java:353)
at org.openqa.selenium.remote.RemoteWebDriver.findElement(RemoteWebDriver.java:315)
at io.appium.java_client.DefaultGenericMobileDriver.findElement(DefaultGenericMobileDriver.java:57)
at io.appium.java_client.AppiumDriver.findElement(AppiumDriver.java:1)
at io.appium.java_client.android.AndroidDriver.findElement(AndroidDriver.java:1)
at io.appium.java_client.pagefactory.bys.builder.ByChained.lambda$0(ByChained.java:38)
at org.openqa.selenium.support.ui.FluentWait.until(FluentWait.java:249)
at io.appium.java_client.pagefactory.bys.builder.ByChained.findElement(ByChained.java:72)
at org.openqa.selenium.remote.RemoteWebDriver.findElement(RemoteWebDriver.java:315)
at io.appium.java_client.DefaultGenericMobileDriver.findElement(DefaultGenericMobileDriver.java:57)
at io.appium.java_client.AppiumDriver.findElement(AppiumDriver.java:1)
at io.appium.java_client.android.AndroidDriver.findElement(AndroidDriver.java:1)
at io.appium.java_client.pagefactory.bys.ContentMappedBy.findElement(ContentMappedBy.java:50)
at org.openqa.selenium.remote.RemoteWebDriver.findElement(RemoteWebDriver.java:315)
at io.appium.java_client.DefaultGenericMobileDriver.findElement(DefaultGenericMobileDriver.java:57)
at io.appium.java_client.AppiumDriver.findElement(AppiumDriver.java:1)
at io.appium.java_client.android.AndroidDriver.findElement(AndroidDriver.java:1)
at io.appium.java_client.pagefactory.AppiumElementLocator.lambda$0(AppiumElementLocator.java:120)
at io.appium.java_client.pagefactory.AppiumElementLocator$WaitingFunction.apply(AppiumElementLocator.java:172)
... 37 more
]]>
    </error>
  </testcase> <!-- VerifyPrivacyStatement_LoginViaFacebook -->
  <system-out/>
</testsuite> <!-- com.pom.crimson.testcases.PrivacyPolicy.PrivacyPolicyFacebookPageTest -->
