<?xml version="1.0" encoding="UTF-8"?>
<!-- Generated by org.testng.reporters.JUnitReportReporter -->
<testsuite skipped="0" hostname="LTPCHE102076955" name="com.pom.crimson.testcases.RedeemReward.RedeemRewardApplePageTest" tests="1" failures="0" timestamp="2021-01-04T03:50:58 IST" time="97.725" errors="0">
  <testcase name="VerifyRedeemreward_LoginViaApple" time="97.725" classname="com.pom.crimson.testcases.RedeemReward.RedeemRewardApplePageTest"/>
  <system-out/>
</testsuite> <!-- com.pom.crimson.testcases.RedeemReward.RedeemRewardApplePageTest -->
