<?xml version="1.0" encoding="UTF-8"?>
<!-- Generated by org.testng.reporters.JUnitReportReporter -->
<testsuite skipped="5" hostname="LTPCHE102076955" name="com.pom.crimson.testcases.ManageProfile.ManageProfileGooglePageTest" tests="6" failures="0" timestamp="2021-01-13T01:48:07 IST" time="7.679" errors="1">
  <testcase name="beforeMethod" time="7.679" classname="com.pom.crimson.testcases.ManageProfile.ManageProfileGooglePageTest">
    <error type="org.openqa.selenium.WebDriverException" message="An unknown server-side error occurred while processing the command. Original error: Error executing adbExec. Original error: &#039;Command &#039;C:\\Users\\balaji.sridharan\\AppData\\Local\\Android\\Sdk\\platform-tools\\adb.exe -P 5037 -s emulator-5554 install C\:/Users/balaji.sridharan/Desktop/Build/SIT/6thJan/app-release.apk&#039; exited with code 1&#039;; Stderr: &#039;adb: failed to install C:/Users/balaji.sridharan/Desktop/Build/SIT/6thJan/app-release.apk: cmd: Can&#039;t find service: package&#039;; Code: &#039;1&#039;
Build info: version: &#039;3.141.59&#039;, revision: &#039;e82be7d358&#039;, time: &#039;2018-11-14T08:17:03&#039;
System info: host: &#039;LTPCHE102076955&#039;, ip: &#039;192.168.1.5&#039;, os.name: &#039;Windows 10&#039;, os.arch: &#039;amd64&#039;, os.version: &#039;10.0&#039;, java.version: &#039;1.8.0_251&#039;
Driver info: io.appium.java_client.android.AndroidDriver
Capabilities {app: C:/Users/balaji.sridharan/D..., appActivity: com.aia.rn.th.dp01.MainActi..., appPackage: com.aia.rn.th.dp01, automationName: UiAutomator2, avd: Pixel_3_API_30, avdLaunchTimeout: 120000, chromeDriverPort: 11000, databaseEnabled: false, desired: {app: C:/Users/balaji.sridharan/D..., appActivity: com.aia.rn.th.dp01.MainActi..., appPackage: com.aia.rn.th.dp01, automationName: UiAutomator2, avd: Pixel_3_API_30, avdLaunchTimeout: 120000, chromeDriverPort: 11000, deviceName: Pixel_3_API_30, fullReset: false, noReset: false, platformName: android, platformVersion: 8.0, resetKeyboard: true, systemPort: 10000, unicodeKeyboard: true}, deviceApiLevel: 30, deviceManufacturer: Google, deviceModel: sdk_gphone_x86, deviceName: emulator-5554, deviceScreenDensity: 440, deviceScreenSize: 1080x2160, deviceUDID: emulator-5554, fullReset: false, javascriptEnabled: true, locationContextEnabled: false, networkConnectionEnabled: true, noReset: false, pixelRatio: 2.75, platform: LINUX, platformName: Android, platformVersion: 11, resetKeyboard: true, statBarHeight: 66, systemPort: 10000, takesScreenshot: true, unicodeKeyboard: true, viewportRect: {height: 1962, left: 0, top: 66, width: 1080}, warnings: {}, webStorageEnabled: false}
Session ID: a5895e91-55fa-4189-9e59-c1c4cbc39f06">
      <![CDATA[org.openqa.selenium.WebDriverException: An unknown server-side error occurred while processing the command. Original error: Error executing adbExec. Original error: 'Command 'C:\\Users\\balaji.sridharan\\AppData\\Local\\Android\\Sdk\\platform-tools\\adb.exe -P 5037 -s emulator-5554 install C\:/Users/balaji.sridharan/Desktop/Build/SIT/6thJan/app-release.apk' exited with code 1'; Stderr: 'adb: failed to install C:/Users/balaji.sridharan/Desktop/Build/SIT/6thJan/app-release.apk: cmd: Can't find service: package'; Code: '1'
Build info: version: '3.141.59', revision: 'e82be7d358', time: '2018-11-14T08:17:03'
System info: host: 'LTPCHE102076955', ip: '192.168.1.5', os.name: 'Windows 10', os.arch: 'amd64', os.version: '10.0', java.version: '1.8.0_251'
Driver info: io.appium.java_client.android.AndroidDriver
Capabilities {app: C:/Users/balaji.sridharan/D..., appActivity: com.aia.rn.th.dp01.MainActi..., appPackage: com.aia.rn.th.dp01, automationName: UiAutomator2, avd: Pixel_3_API_30, avdLaunchTimeout: 120000, chromeDriverPort: 11000, databaseEnabled: false, desired: {app: C:/Users/balaji.sridharan/D..., appActivity: com.aia.rn.th.dp01.MainActi..., appPackage: com.aia.rn.th.dp01, automationName: UiAutomator2, avd: Pixel_3_API_30, avdLaunchTimeout: 120000, chromeDriverPort: 11000, deviceName: Pixel_3_API_30, fullReset: false, noReset: false, platformName: android, platformVersion: 8.0, resetKeyboard: true, systemPort: 10000, unicodeKeyboard: true}, deviceApiLevel: 30, deviceManufacturer: Google, deviceModel: sdk_gphone_x86, deviceName: emulator-5554, deviceScreenDensity: 440, deviceScreenSize: 1080x2160, deviceUDID: emulator-5554, fullReset: false, javascriptEnabled: true, locationContextEnabled: false, networkConnectionEnabled: true, noReset: false, pixelRatio: 2.75, platform: LINUX, platformName: Android, platformVersion: 11, resetKeyboard: true, statBarHeight: 66, systemPort: 10000, takesScreenshot: true, unicodeKeyboard: true, viewportRect: {height: 1962, left: 0, top: 66, width: 1080}, warnings: {}, webStorageEnabled: false}
Session ID: a5895e91-55fa-4189-9e59-c1c4cbc39f06
at sun.reflect.NativeConstructorAccessorImpl.newInstance0(Native Method)
at sun.reflect.NativeConstructorAccessorImpl.newInstance(NativeConstructorAccessorImpl.java:62)
at sun.reflect.DelegatingConstructorAccessorImpl.newInstance(DelegatingConstructorAccessorImpl.java:45)
at java.lang.reflect.Constructor.newInstance(Constructor.java:423)
at org.openqa.selenium.remote.http.W3CHttpResponseCodec.createException(W3CHttpResponseCodec.java:187)
at org.openqa.selenium.remote.http.W3CHttpResponseCodec.decode(W3CHttpResponseCodec.java:122)
at org.openqa.selenium.remote.http.W3CHttpResponseCodec.decode(W3CHttpResponseCodec.java:49)
at org.openqa.selenium.remote.HttpCommandExecutor.execute(HttpCommandExecutor.java:158)
at io.appium.java_client.remote.AppiumCommandExecutor.execute(AppiumCommandExecutor.java:239)
at org.openqa.selenium.remote.RemoteWebDriver.execute(RemoteWebDriver.java:552)
at io.appium.java_client.DefaultGenericMobileDriver.execute(DefaultGenericMobileDriver.java:45)
at io.appium.java_client.AppiumDriver.execute(AppiumDriver.java:1)
at io.appium.java_client.android.AndroidDriver.execute(AndroidDriver.java:1)
at io.appium.java_client.InteractsWithApps.launchApp(InteractsWithApps.java:50)
at com.pom.crimson.base.BaseFixture.beforeMethod(BaseFixture.java:197)
at sun.reflect.GeneratedMethodAccessor74.invoke(Unknown Source)
at sun.reflect.DelegatingMethodAccessorImpl.invoke(DelegatingMethodAccessorImpl.java:43)
at java.lang.reflect.Method.invoke(Method.java:498)
at org.testng.internal.MethodInvocationHelper.invokeMethod(MethodInvocationHelper.java:134)
at org.testng.internal.MethodInvocationHelper.invokeMethodConsideringTimeout(MethodInvocationHelper.java:63)
at org.testng.internal.ConfigInvoker.invokeConfigurationMethod(ConfigInvoker.java:348)
at org.testng.internal.ConfigInvoker.invokeConfigurations(ConfigInvoker.java:302)
at org.testng.internal.TestInvoker.runConfigMethods(TestInvoker.java:695)
at org.testng.internal.TestInvoker.invokeMethod(TestInvoker.java:523)
at org.testng.internal.TestInvoker.invokeTestMethod(TestInvoker.java:173)
at org.testng.internal.MethodRunner.runInSequence(MethodRunner.java:46)
at org.testng.internal.TestInvoker$MethodInvocationAgent.invoke(TestInvoker.java:816)
at org.testng.internal.TestInvoker.invokeTestMethods(TestInvoker.java:146)
at org.testng.internal.TestMethodWorker.invokeTestMethods(TestMethodWorker.java:146)
at org.testng.internal.TestMethodWorker.run(TestMethodWorker.java:128)
at java.util.ArrayList.forEach(ArrayList.java:1257)
at org.testng.TestRunner.privateRun(TestRunner.java:766)
at org.testng.TestRunner.run(TestRunner.java:587)
at org.testng.SuiteRunner.runTest(SuiteRunner.java:384)
at org.testng.SuiteRunner.runSequentially(SuiteRunner.java:378)
at org.testng.SuiteRunner.privateRun(SuiteRunner.java:337)
at org.testng.SuiteRunner.run(SuiteRunner.java:286)
at org.testng.SuiteRunnerWorker.runSuite(SuiteRunnerWorker.java:53)
at org.testng.SuiteRunnerWorker.run(SuiteRunnerWorker.java:96)
at org.testng.TestNG.runSuitesSequentially(TestNG.java:1187)
at org.testng.TestNG.runSuitesLocally(TestNG.java:1109)
at org.testng.TestNG.runSuites(TestNG.java:1039)
at org.testng.TestNG.run(TestNG.java:1007)
at org.testng.remote.AbstractRemoteTestNG.run(AbstractRemoteTestNG.java:115)
at org.testng.remote.RemoteTestNG.initAndRun(RemoteTestNG.java:251)
at org.testng.remote.RemoteTestNG.main(RemoteTestNG.java:77)
]]>
    </error>
  </testcase> <!-- beforeMethod -->
  <system-out/>
  <testcase name="OnboardingPHBSwitchArchetypeviaGoogle" time="0.000" classname="com.pom.crimson.testcases.ManageProfile.ManageProfileGooglePageTest">
    <skipped/>
  </testcase> <!-- OnboardingPHBSwitchArchetypeviaGoogle -->
  <system-out/>
  <testcase name="OnboardingPRGSwitchArchetypedMaleFlowviaGoogle" time="0.000" classname="com.pom.crimson.testcases.ManageProfile.ManageProfileGooglePageTest">
    <skipped/>
  </testcase> <!-- OnboardingPRGSwitchArchetypedMaleFlowviaGoogle -->
  <system-out/>
  <testcase name="SwitchArchetyped_NB_to_CC_viaGoogle" time="0.000" classname="com.pom.crimson.testcases.ManageProfile.ManageProfileGooglePageTest">
    <skipped/>
  </testcase> <!-- SwitchArchetyped_NB_to_CC_viaGoogle -->
  <system-out/>
  <testcase name="SwitchArchetyped_CC_to_PHB_viaGoogle" time="0.000" classname="com.pom.crimson.testcases.ManageProfile.ManageProfileGooglePageTest">
    <skipped/>
  </testcase> <!-- SwitchArchetyped_CC_to_PHB_viaGoogle -->
  <system-out/>
  <testcase name="PHBUpdateArchetypedMaleFlowviaGmail" time="0.000" classname="com.pom.crimson.testcases.ManageProfile.ManageProfileGooglePageTest">
    <skipped/>
  </testcase> <!-- PHBUpdateArchetypedMaleFlowviaGmail -->
  <system-out/>
</testsuite> <!-- com.pom.crimson.testcases.ManageProfile.ManageProfileGooglePageTest -->
