<?xml version="1.0" encoding="UTF-8"?>
<!-- Generated by org.testng.reporters.JUnitXMLReporter -->
<testsuite ignored="24" hostname="LTPCHE082135946" failures="1" tests="56" name="API-Test" time="97.95" errors="0" timestamp="2021-01-22T18:43:31 IST">
  <testcase classname="com.pom.crimson.testcases.api.AIAOctaControllerAPITest" name="verifyGetUserAPI" time="1.308"/>
  <testcase classname="com.pom.crimson.testcases.api.CdsControllerAPITest" name="verifyCdsEntityAPI" time="1.786"/>
  <testcase classname="com.pom.crimson.testcases.api.ContentActionControllerAPITest" name="postBookmarkcontent" time="2.747"/>
  <testcase classname="com.pom.crimson.testcases.api.ContentActionControllerAPITest" name="GetBookmarkProfileId" time="1.099"/>
  <testcase classname="com.pom.crimson.testcases.api.ContentActionControllerAPITest" name="putUnbookmarkProfileId" time="1.339"/>
  <testcase classname="com.pom.crimson.testcases.api.ContentActionControllerAPITest" name="postViewedcontent" time="1.944"/>
  <testcase classname="com.pom.crimson.testcases.api.ContentActionControllerAPITest" name="GetContentHistory" time="0.682"/>
  <testcase classname="com.pom.crimson.testcases.api.ContentActionControllerAPITest" name="postLikecontent" time="1.804"/>
  <testcase classname="com.pom.crimson.testcases.api.ContentActionControllerAPITest" name="GetLikeProfileId" time="1.499"/>
  <testcase classname="com.pom.crimson.testcases.api.ContentActionControllerAPITest" name="putUnlikeContent" time="1.608"/>
  <testcase classname="com.pom.crimson.testcases.api.ContentActionControllerAPITest" name="postcontentShare" time="1.551"/>
  <testcase classname="com.pom.crimson.testcases.api.ContentControllerAPITest" name="verifyGetContentIdAPI" time="2.473"/>
  <testcase classname="com.pom.crimson.testcases.api.ContentControllerAPITest" name="verifyGetContentDailyTipProfileIdAPI" time="0.698"/>
  <testcase classname="com.pom.crimson.testcases.api.ContentControllerAPITest" name="verifyGetContentGroupProfileIdAPI" time="2.219"/>
  <testcase classname="com.pom.crimson.testcases.api.ContentControllerAPITest" name="verifyGetContentHomePageAPI" time="1.246"/>
  <testcase classname="com.pom.crimson.testcases.api.ContentControllerAPITest" name="verifyGetContentIdsAPI" time="1.586"/>
  <testcase classname="com.pom.crimson.testcases.api.ContentControllerAPITest" name="verifyGetContentProfileIdAPI" time="1.647"/>
  <testcase classname="com.pom.crimson.testcases.api.ContentControllerAPITest" name="verifyGetContentInterestNameAPI" time="2.159"/>
  <testcase classname="com.pom.crimson.testcases.api.ContentRootControllerAPITest" name="verifyGetContentRootControllerAPI" time="0.34"/>
  <testcase classname="com.pom.crimson.testcases.api.GroupAdviceAPITest" name="verifyRootAPI" time="0.22"/>
  <testcase classname="com.pom.crimson.testcases.api.GroupAdviceAPITest" name="verifyGetAllGroupsAPI" time="0.413"/>
  <testcase classname="com.pom.crimson.testcases.api.GroupAdviceAPITest" name="verifyGetGroupByGroupIDAPI" time="0.684"/>
  <testcase classname="com.pom.crimson.testcases.api.GroupAdviceAPITest" name="verifyGetGroupMemInfoByGroupIDAPI" time="0.8"/>
  <testcase classname="com.pom.crimson.testcases.api.GroupAdviceAPITest" name="verifyGetAllAvailableGroupsAPI" time="0.417"/>
  <testcase classname="com.pom.crimson.testcases.api.GroupAdviceAPITest" name="verifyGetGroupByUserIDAPI" time="0.658"/>
  <testcase classname="com.pom.crimson.testcases.api.GroupAdviceAPITest" name="verifyGroupInviteAPI" time="1.575"/>
  <testcase classname="com.pom.crimson.testcases.api.GroupAdviceAPITest" name="verifyGetGroupByLiveEventsAPI" time="0.539"/>
  <testcase classname="com.pom.crimson.testcases.api.GroupAdviceAPITest" name="verifyGetEventsByTopicIDAPI" time="0.836"/>
  <testcase classname="com.pom.crimson.testcases.api.GroupAdviceAPITest" name="verifyGetPastEventsByUserAPI" time="0.435"/>
  <testcase classname="com.pom.crimson.testcases.api.GroupAdviceAPITest" name="verifyGetUpcomingEventsByUserAPI" time="0.326"/>
  <testcase classname="com.pom.crimson.testcases.api.GroupAdviceAPITest" name="verifyGetAllTopicsAPI" time="0.302"/>
  <testcase classname="com.pom.crimson.testcases.api.GroupAdviceAPITest" name="verifyGetTopicByTopicIDAPI" time="0.706"/>
  <testcase classname="com.pom.crimson.testcases.api.GroupAdviceAPITest" name="verifyGetInterestsByTopicIDAPI" time="0.778">
    <failure type="java.lang.AssertionError" message="The following asserts failed:
	Interests retrieved for the topic is not empty. expected [true] but found [false]">
      <![CDATA[java.lang.AssertionError: The following asserts failed:
Interests retrieved for the topic is not empty. expected [true] but found [false]
at com.pom.crimson.testcases.api.GroupAdviceAPITest.verifyGetInterestsByTopicIDAPI(GroupAdviceAPITest.java:319)
at java.base/java.util.ArrayList.forEach(ArrayList.java:1380)
... Removed 29 stack frames]]>
    </failure>
  </testcase> <!-- verifyGetInterestsByTopicIDAPI -->
  <testcase classname="com.pom.crimson.testcases.api.GroupAdviceAPITest" name="verifyPostRecomTopicByTopicIDAPI" time="0.847"/>
  <testcase classname="com.pom.crimson.testcases.api.GroupAdviceAPITest" name="verifyGetRecommendedGroupsForUserAPI" time="0.751"/>
  <testcase classname="com.pom.crimson.testcases.api.GroupAdviceAPITest" name="verifygetRecommendedEventsAPI" time="0.658"/>
  <testcase classname="com.pom.crimson.testcases.api.GroupAdviceAPITest" name="verifyGetSimilarEventsByTopicIDAPI" time="0.887"/>
  <testcase classname="com.pom.crimson.testcases.api.GroupAdviceAPITest" name="verifygetAllActiveRecomTopicByUserAPI" time="0.189"/>
  <testcase classname="com.pom.crimson.testcases.api.MasterDataControllerAPITest" name="verifyGetActiveBenefitsAPI" time="0.272"/>
  <testcase classname="com.pom.crimson.testcases.api.MasterDataControllerAPITest" name="verifyGetAppSettingsAPI" time="0.32"/>
  <testcase classname="com.pom.crimson.testcases.api.MasterDataControllerAPITest" name="verifyGetArcheTypesAPI" time="0.282"/>
  <testcase classname="com.pom.crimson.testcases.api.MasterDataControllerAPITest" name="verifyGetCountriesAPI" time="0.542"/>
  <testcase classname="com.pom.crimson.testcases.api.MasterDataControllerAPITest" name="verifyGetInterestsAPI" time="0.372"/>
  <testcase classname="com.pom.crimson.testcases.api.MasterDataControllerAPITest" name="verifyGetProvincesAPI" time="0.419"/>
  <testcase classname="com.pom.crimson.testcases.api.MasterDataControllerAPITest" name="verifyGetRelationshipsAPI" time="0.268"/>
  <testcase classname="com.pom.crimson.testcases.api.MilestonesControllerAPITest" name="verifyGetMilestonesAPI" time="4.412"/>
  <testcase classname="com.pom.crimson.testcases.api.MilestonesControllerAPITest" name="verifyGetVaccineAPI" time="0.403"/>
  <testcase classname="com.pom.crimson.testcases.api.MomentsControllerAPITest" name="GetMomentsProfileIdAPI" time="1.335"/>
  <testcase classname="com.pom.crimson.testcases.api.MomentsRootControllerAPITest" name="verifyGetMomentsRootControllerAPI" time="0.178"/>
  <testcase classname="com.pom.crimson.testcases.api.UserProfileControllerAPITest" name="verifyGetProfilesAPI" time="0.351"/>
  <testcase classname="com.pom.crimson.testcases.api.UserProfileControllerAPITest" name="verifyGetProfilesArcheTypesAPI" time="0.821"/>
  <testcase classname="com.pom.crimson.testcases.api.UserProfileControllerAPITest" name="verifyGetProfilesContactbenefitsAPI" time="0.747"/>
  <testcase classname="com.pom.crimson.testcases.api.UserProfileControllerAPITest" name="verifyGetProfilesImageAPI" time="0.736"/>
  <testcase classname="com.pom.crimson.testcases.api.UserProfileControllerAPITest" name="verifyGetProfilesInterestsAPI" time="1.302"/>
  <testcase classname="com.pom.crimson.testcases.api.UserProfileControllerAPITest" name="verifyGetProfilesNpsAPI" time="0.699"/>
  <testcase classname="com.pom.crimson.testcases.api.UserProfileControllerAPITest" name="verifyGetProfilesRelatedPersonsAPI" time="0.679"/>
  <testcase classname="com.pom.crimson.testcases.api.GroupAdviceAPITest" name="verifygetRelationByUserIDAPI" time="0.0">
    <ignored/>
  </testcase> <!-- verifygetRelationByUserIDAPI -->
  <testcase classname="com.pom.crimson.testcases.api.AIAOctaControllerAPITest" name="verifyGetLogoutAPI" time="0.0">
    <ignored/>
  </testcase> <!-- verifyGetLogoutAPI -->
  <testcase classname="com.pom.crimson.testcases.api.GroupAdviceAPITest" name="verifyJoinGroupV2API" time="0.0">
    <ignored/>
  </testcase> <!-- verifyJoinGroupV2API -->
  <testcase classname="com.pom.crimson.testcases.api.AIAOctaControllerAPITest" name="verifyGetUserUserIdAPI" time="0.0">
    <ignored/>
  </testcase> <!-- verifyGetUserUserIdAPI -->
  <testcase classname="com.pom.crimson.base.BaseFixtureForAPI" name="@AfterTest afterTest" time="0.0">
    <ignored/>
  </testcase> <!-- @AfterTest afterTest -->
  <testcase classname="com.pom.crimson.base.BaseFixtureForAPI" name="@AfterTest afterTest" time="0.0">
    <ignored/>
  </testcase> <!-- @AfterTest afterTest -->
  <testcase classname="com.pom.crimson.base.BaseFixtureForAPI" name="@AfterTest afterTest" time="0.0">
    <ignored/>
  </testcase> <!-- @AfterTest afterTest -->
  <testcase classname="com.pom.crimson.base.BaseFixtureForAPI" name="@AfterTest afterTest" time="0.0">
    <ignored/>
  </testcase> <!-- @AfterTest afterTest -->
  <testcase classname="com.pom.crimson.base.BaseFixtureForAPI" name="@AfterTest afterTest" time="0.0">
    <ignored/>
  </testcase> <!-- @AfterTest afterTest -->
  <testcase classname="com.pom.crimson.base.BaseFixtureForAPI" name="@AfterTest afterTest" time="0.0">
    <ignored/>
  </testcase> <!-- @AfterTest afterTest -->
  <testcase classname="com.pom.crimson.base.BaseFixtureForAPI" name="@AfterTest afterTest" time="0.0">
    <ignored/>
  </testcase> <!-- @AfterTest afterTest -->
  <testcase classname="com.pom.crimson.base.BaseFixtureForAPI" name="@AfterTest afterTest" time="0.0">
    <ignored/>
  </testcase> <!-- @AfterTest afterTest -->
  <testcase classname="com.pom.crimson.base.BaseFixtureForAPI" name="@AfterTest afterTest" time="0.0">
    <ignored/>
  </testcase> <!-- @AfterTest afterTest -->
  <testcase classname="com.pom.crimson.base.BaseFixtureForAPI" name="@AfterTest afterTest" time="0.0">
    <ignored/>
  </testcase> <!-- @AfterTest afterTest -->
  <testcase classname="com.pom.crimson.base.BaseFixtureForAPI" name="@BeforeTest beforeTest" time="0.0">
    <ignored/>
  </testcase> <!-- @BeforeTest beforeTest -->
  <testcase classname="com.pom.crimson.base.BaseFixtureForAPI" name="@BeforeTest beforeTest" time="0.0">
    <ignored/>
  </testcase> <!-- @BeforeTest beforeTest -->
  <testcase classname="com.pom.crimson.base.BaseFixtureForAPI" name="@BeforeTest beforeTest" time="0.0">
    <ignored/>
  </testcase> <!-- @BeforeTest beforeTest -->
  <testcase classname="com.pom.crimson.base.BaseFixtureForAPI" name="@BeforeTest beforeTest" time="0.0">
    <ignored/>
  </testcase> <!-- @BeforeTest beforeTest -->
  <testcase classname="com.pom.crimson.base.BaseFixtureForAPI" name="@BeforeTest beforeTest" time="0.0">
    <ignored/>
  </testcase> <!-- @BeforeTest beforeTest -->
  <testcase classname="com.pom.crimson.base.BaseFixtureForAPI" name="@BeforeTest beforeTest" time="0.0">
    <ignored/>
  </testcase> <!-- @BeforeTest beforeTest -->
  <testcase classname="com.pom.crimson.base.BaseFixtureForAPI" name="@BeforeTest beforeTest" time="0.0">
    <ignored/>
  </testcase> <!-- @BeforeTest beforeTest -->
  <testcase classname="com.pom.crimson.base.BaseFixtureForAPI" name="@BeforeTest beforeTest" time="0.0">
    <ignored/>
  </testcase> <!-- @BeforeTest beforeTest -->
  <testcase classname="com.pom.crimson.base.BaseFixtureForAPI" name="@BeforeTest beforeTest" time="0.0">
    <ignored/>
  </testcase> <!-- @BeforeTest beforeTest -->
  <testcase classname="com.pom.crimson.base.BaseFixtureForAPI" name="@BeforeTest beforeTest" time="0.0">
    <ignored/>
  </testcase> <!-- @BeforeTest beforeTest -->
</testsuite> <!-- API-Test -->
